<?xml version="1.0" encoding="UTF-8"?>
<!-- Generated by org.testng.reporters.JUnitReportReporter -->
<testsuite hostname="ELF28-DEVARAJ-SHIRUR" failures="0" tests="1" name="skills.RB_SKILLS_TC120" time="6.741" errors="0" timestamp="2022-03-02T19:03:51 IST" skipped="0">
  <testcase classname="skills.RB_SKILLS_TC120" name="mernResumeBuild" time="6.741"/>
  <system-out>
Frontend Technologies Selected Successfully Middleware Technologies Selected Successfully Backend Technologies Selected Successfully Designe Patterns Selected Successfully ata Base Used Selected Successfully Version Control System Selected Successfully AWS Selected Successfully SDLC Selected Successfully Development Tool Selected Successfully DOWNLOADED SUCCESSFULLY  </system-out>
</testsuite> <!-- skills.RB_SKILLS_TC120 -->
